[33mStarting up http-server, serving [39m[36m./public[39m[33m
Available on:[39m
[32m  http://127.0.0.1:8080[39m
[32m  http://107.170.205.167:8080[39m
[32m  http://10.12.0.5:8080[39m
[32m  http://10.134.8.193:8080[39m
Hit CTRL-C to stop the server
[Mon Jun 13 2016 20:38:04 GMT-0400 (EDT)] "[36mGET[39m [36m/[39m" "Mozilla/5.0 (Macintosh; Intel Mac OS X 10_11_4) AppleWebKit/537.36 (KHTML, like Gecko) Chrome/51.0.2704.84 Safari/537.36"
[Mon Jun 13 2016 20:38:04 GMT-0400 (EDT)] "[36mGET[39m [36m/css/style.css[39m" "Mozilla/5.0 (Macintosh; Intel Mac OS X 10_11_4) AppleWebKit/537.36 (KHTML, like Gecko) Chrome/51.0.2704.84 Safari/537.36"
[Mon Jun 13 2016 20:38:04 GMT-0400 (EDT)] "[36mGET[39m [36m/assets//fonts/melbourne.woff[39m" "Mozilla/5.0 (Macintosh; Intel Mac OS X 10_11_4) AppleWebKit/537.36 (KHTML, like Gecko) Chrome/51.0.2704.84 Safari/537.36"
[Mon Jun 13 2016 20:38:05 GMT-0400 (EDT)] "[36mGET[39m [36m/[39m" "Mozilla/5.0 (Macintosh; Intel Mac OS X 10_11_4) AppleWebKit/537.36 (KHTML, like Gecko) Chrome/51.0.2704.84 Safari/537.36"
[Mon Jun 13 2016 20:38:05 GMT-0400 (EDT)] "[36mGET[39m [36m/css/style.css[39m" "Mozilla/5.0 (Macintosh; Intel Mac OS X 10_11_4) AppleWebKit/537.36 (KHTML, like Gecko) Chrome/51.0.2704.84 Safari/537.36"
[Mon Jun 13 2016 20:38:05 GMT-0400 (EDT)] "[36mGET[39m [36m/assets//fonts/melbourne.woff[39m" "Mozilla/5.0 (Macintosh; Intel Mac OS X 10_11_4) AppleWebKit/537.36 (KHTML, like Gecko) Chrome/51.0.2704.84 Safari/537.36"
[20:38:16] Using gulpfile ~/sites/pickpuck-com/gulpfile.js
[20:38:16] Starting 'styles'...
[20:38:16] Starting 'markup'...
[20:38:16] Starting 'assets'...
[20:38:16] Finished 'markup' after 199 ms
[20:38:16] Finished 'styles' after 223 ms
[20:38:16] Finished 'assets' after 217 ms
[20:38:16] Starting 'default'...
[20:38:16] Finished 'default' after 39 μs
[20:38:16] Starting 'watch'...
[20:38:16] Finished 'watch' after 29 ms
[Mon Jun 13 2016 20:38:20 GMT-0400 (EDT)] "[36mGET[39m [36m/[39m" "Mozilla/5.0 (Macintosh; Intel Mac OS X 10_11_4) AppleWebKit/537.36 (KHTML, like Gecko) Chrome/51.0.2704.84 Safari/537.36"
[Mon Jun 13 2016 20:38:21 GMT-0400 (EDT)] "[36mGET[39m [36m/css/style.css[39m" "Mozilla/5.0 (Macintosh; Intel Mac OS X 10_11_4) AppleWebKit/537.36 (KHTML, like Gecko) Chrome/51.0.2704.84 Safari/537.36"
[Mon Jun 13 2016 20:38:21 GMT-0400 (EDT)] "[36mGET[39m [36m/assets//fonts/melbourne.woff[39m" "Mozilla/5.0 (Macintosh; Intel Mac OS X 10_11_4) AppleWebKit/537.36 (KHTML, like Gecko) Chrome/51.0.2704.84 Safari/537.36"
[20:38:49] Starting 'styles'...
[20:38:49] Finished 'styles' after 91 ms
[Mon Jun 13 2016 20:38:53 GMT-0400 (EDT)] "[36mGET[39m [36m/[39m" "Mozilla/5.0 (Macintosh; Intel Mac OS X 10_11_4) AppleWebKit/537.36 (KHTML, like Gecko) Chrome/51.0.2704.84 Safari/537.36"
[Mon Jun 13 2016 20:38:53 GMT-0400 (EDT)] "[36mGET[39m [36m/css/style.css[39m" "Mozilla/5.0 (Macintosh; Intel Mac OS X 10_11_4) AppleWebKit/537.36 (KHTML, like Gecko) Chrome/51.0.2704.84 Safari/537.36"
[Mon Jun 13 2016 20:38:53 GMT-0400 (EDT)] "[36mGET[39m [36m/assets//fonts/melbourne.woff[39m" "Mozilla/5.0 (Macintosh; Intel Mac OS X 10_11_4) AppleWebKit/537.36 (KHTML, like Gecko) Chrome/51.0.2704.84 Safari/537.36"
[Mon Jun 13 2016 20:39:10 GMT-0400 (EDT)] "[36mGET[39m [36m/[39m" "Mozilla/5.0 (Macintosh; Intel Mac OS X 10_11_4) AppleWebKit/537.36 (KHTML, like Gecko) Chrome/51.0.2704.84 Safari/537.36"
[Mon Jun 13 2016 20:39:10 GMT-0400 (EDT)] "[36mGET[39m [36m/css/style.css[39m" "Mozilla/5.0 (Macintosh; Intel Mac OS X 10_11_4) AppleWebKit/537.36 (KHTML, like Gecko) Chrome/51.0.2704.84 Safari/537.36"
[Mon Jun 13 2016 20:39:11 GMT-0400 (EDT)] "[36mGET[39m [36m/assets//fonts/melbourne.woff[39m" "Mozilla/5.0 (Macintosh; Intel Mac OS X 10_11_4) AppleWebKit/537.36 (KHTML, like Gecko) Chrome/51.0.2704.84 Safari/537.36"
[20:39:15] Starting 'styles'...
[20:39:15] Finished 'styles' after 80 ms
[Mon Jun 13 2016 20:39:16 GMT-0400 (EDT)] "[36mGET[39m [36m/[39m" "Mozilla/5.0 (Macintosh; Intel Mac OS X 10_11_4) AppleWebKit/537.36 (KHTML, like Gecko) Chrome/51.0.2704.84 Safari/537.36"
[Mon Jun 13 2016 20:39:16 GMT-0400 (EDT)] "[36mGET[39m [36m/css/style.css[39m" "Mozilla/5.0 (Macintosh; Intel Mac OS X 10_11_4) AppleWebKit/537.36 (KHTML, like Gecko) Chrome/51.0.2704.84 Safari/537.36"
[Mon Jun 13 2016 20:39:16 GMT-0400 (EDT)] "[36mGET[39m [36m/assets//fonts/melbourne.woff[39m" "Mozilla/5.0 (Macintosh; Intel Mac OS X 10_11_4) AppleWebKit/537.36 (KHTML, like Gecko) Chrome/51.0.2704.84 Safari/537.36"
[33mStarting up http-server, serving [39m[36m./public[39m[33m
Available on:[39m
[32m  http://127.0.0.1:8081[39m
[32m  http://107.170.205.167:8081[39m
[32m  http://10.12.0.5:8081[39m
[32m  http://10.134.8.193:8081[39m
Hit CTRL-C to stop the server
[23:58:25] Using gulpfile ~/sites/pickpuck-com/gulpfile.js
[23:58:25] Starting 'styles'...
[23:58:26] Starting 'markup'...
[23:58:26] Starting 'assets'...
[23:58:26] Finished 'markup' after 175 ms
[23:58:26] Finished 'styles' after 199 ms
[23:58:26] Finished 'assets' after 193 ms
[23:58:26] Starting 'default'...
[23:58:26] Finished 'default' after 41 μs
[23:58:26] Starting 'watch'...
[23:58:26] Finished 'watch' after 29 ms
[23:58:53] Starting 'styles'...
[23:58:53] Finished 'styles' after 93 ms
[23:59:14] Starting 'styles'...
[23:59:14] Finished 'styles' after 103 ms
[23:59:39] Starting 'markup'...
[23:59:39] Finished 'markup' after 14 ms
[00:00:16] Starting 'styles'...
[00:00:16] Finished 'styles' after 49 ms
[00:00:25] Starting 'styles'...
[00:00:25] Finished 'styles' after 43 ms
[00:01:28] Using gulpfile ~/sites/pickpuck-com/gulpfile.js
[00:01:28] Starting 'styles'...
[00:01:28] Starting 'markup'...
[00:01:28] Starting 'assets'...
[00:01:28] Finished 'markup' after 183 ms
[00:01:28] Finished 'styles' after 207 ms
[00:01:28] Finished 'assets' after 204 ms
[00:01:28] Starting 'default'...
[00:01:28] Finished 'default' after 45 μs
[00:01:28] Starting 'watch'...
[00:01:28] Finished 'watch' after 29 ms
[00:04:29] Starting 'markup'...
[00:04:29] Finished 'markup' after 21 ms
[00:04:29] Starting 'markup'...
[00:04:29] Finished 'markup' after 16 ms
[00:09:01] Starting 'markup'...
[00:09:01] Finished 'markup' after 41 ms
[00:09:10] Starting 'markup'...
[00:09:10] Finished 'markup' after 4.68 ms
[00:09:19] Starting 'markup'...
[00:09:19] Finished 'markup' after 8.89 ms
[00:11:17] Starting 'styles'...
[00:11:17] Finished 'styles' after 54 ms
Starting LiveReload v0.4.1 for /home/puck/sites/pickpuck-com on port 35729.
[33mStarting up http-server, serving [39m[36m./public[39m[33m
Available on:[39m
[32m  http://127.0.0.1:8080[39m
[32m  http://107.170.205.167:8080[39m
[32m  http://10.12.0.5:8080[39m
[32m  http://10.134.8.193:8080[39m
Hit CTRL-C to stop the server
[Tue Jun 14 2016 00:34:43 GMT-0400 (EDT)] "[36mGET[39m [36m/[39m" "Mozilla/5.0 (iPad; CPU OS 9_3_2 like Mac OS X) AppleWebKit/601.1 (KHTML, like Gecko) CriOS/51.0.2704.64 Mobile/13F69 Safari/601.1.46"
[Tue Jun 14 2016 00:34:44 GMT-0400 (EDT)] "[36mGET[39m [36m/css/style.css[39m" "Mozilla/5.0 (iPad; CPU OS 9_3_2 like Mac OS X) AppleWebKit/601.1 (KHTML, like Gecko) CriOS/51.0.2704.64 Mobile/13F69 Safari/601.1.46"
[Tue Jun 14 2016 00:34:44 GMT-0400 (EDT)] "[36mGET[39m [36m/assets//fonts/melbourne.woff[39m" "Mozilla/5.0 (iPad; CPU OS 9_3_2 like Mac OS X) AppleWebKit/601.1 (KHTML, like Gecko) CriOS/51.0.2704.64 Mobile/13F69 Safari/601.1.46"
[Tue Jun 14 2016 00:34:46 GMT-0400 (EDT)] "[36mGET[39m [36m/[39m" "Mozilla/5.0 (iPad; CPU OS 9_3_2 like Mac OS X) AppleWebKit/601.1 (KHTML, like Gecko) CriOS/51.0.2704.64 Mobile/13F69 Safari/601.1.46"
[Tue Jun 14 2016 00:34:46 GMT-0400 (EDT)] "[36mGET[39m [36m/css/style.css[39m" "Mozilla/5.0 (iPad; CPU OS 9_3_2 like Mac OS X) AppleWebKit/601.1 (KHTML, like Gecko) CriOS/51.0.2704.64 Mobile/13F69 Safari/601.1.46"
[Tue Jun 14 2016 00:34:46 GMT-0400 (EDT)] "[36mGET[39m [36m/assets//fonts/melbourne.woff[39m" "Mozilla/5.0 (iPad; CPU OS 9_3_2 like Mac OS X) AppleWebKit/601.1 (KHTML, like Gecko) CriOS/51.0.2704.64 Mobile/13F69 Safari/601.1.46"
[Tue Jun 14 2016 00:36:03 GMT-0400 (EDT)] "[36mGET[39m [36m/[39m" "Mozilla/5.0 (X11; Ubuntu; Linux x86_64; rv:47.0) Gecko/20100101 Firefox/47.0"
[Tue Jun 14 2016 00:36:03 GMT-0400 (EDT)] "[36mGET[39m [36m/css/style.css[39m" "Mozilla/5.0 (X11; Ubuntu; Linux x86_64; rv:47.0) Gecko/20100101 Firefox/47.0"
[Tue Jun 14 2016 00:36:03 GMT-0400 (EDT)] "[36mGET[39m [36m/assets//fonts/melbourne.woff[39m" "Mozilla/5.0 (X11; Ubuntu; Linux x86_64; rv:47.0) Gecko/20100101 Firefox/47.0"
[Tue Jun 14 2016 00:36:03 GMT-0400 (EDT)] "[36mGET[39m [36m/favicon.ico[39m" "Mozilla/5.0 (X11; Ubuntu; Linux x86_64; rv:47.0) Gecko/20100101 Firefox/47.0"
[Tue Jun 14 2016 00:36:03 GMT-0400 (EDT)] "[31mGET[39m [31m/favicon.ico[39m" Error ([31m404[39m): "[31mNot found[39m"
[Tue Jun 14 2016 00:36:12 GMT-0400 (EDT)] "[36mGET[39m [36m/[39m" "Mozilla/5.0 (X11; Ubuntu; Linux x86_64; rv:47.0) Gecko/20100101 Firefox/47.0"
[Tue Jun 14 2016 00:36:13 GMT-0400 (EDT)] "[36mGET[39m [36m/css/style.css[39m" "Mozilla/5.0 (X11; Ubuntu; Linux x86_64; rv:47.0) Gecko/20100101 Firefox/47.0"
[Tue Jun 14 2016 00:36:56 GMT-0400 (EDT)] "[36mGET[39m [36m/[39m" "Mozilla/5.0 (X11; Ubuntu; Linux x86_64; rv:47.0) Gecko/20100101 Firefox/47.0"
[Tue Jun 14 2016 00:36:56 GMT-0400 (EDT)] "[36mGET[39m [36m/css/style.css[39m" "Mozilla/5.0 (X11; Ubuntu; Linux x86_64; rv:47.0) Gecko/20100101 Firefox/47.0"
[Tue Jun 14 2016 00:37:26 GMT-0400 (EDT)] "[36mGET[39m [36m/[39m" "Mozilla/5.0 (X11; Ubuntu; Linux x86_64; rv:47.0) Gecko/20100101 Firefox/47.0"
[Tue Jun 14 2016 00:37:27 GMT-0400 (EDT)] "[36mGET[39m [36m/css/style.css[39m" "Mozilla/5.0 (X11; Ubuntu; Linux x86_64; rv:47.0) Gecko/20100101 Firefox/47.0"
[Tue Jun 14 2016 00:38:15 GMT-0400 (EDT)] "[36mGET[39m [36m/[39m" "Mozilla/5.0 (X11; Ubuntu; Linux x86_64; rv:47.0) Gecko/20100101 Firefox/47.0"
[Tue Jun 14 2016 00:38:41 GMT-0400 (EDT)] "[36mGET[39m [36m/[39m" "Mozilla/5.0 (X11; Ubuntu; Linux x86_64; rv:47.0) Gecko/20100101 Firefox/47.0"
[Tue Jun 14 2016 00:38:51 GMT-0400 (EDT)] "[36mGET[39m [36m/[39m" "Mozilla/5.0 (X11; Ubuntu; Linux x86_64; rv:47.0) Gecko/20100101 Firefox/47.0"
[Tue Jun 14 2016 00:38:51 GMT-0400 (EDT)] "[36mGET[39m [36m/css/style.css[39m" "Mozilla/5.0 (X11; Ubuntu; Linux x86_64; rv:47.0) Gecko/20100101 Firefox/47.0"
[Tue Jun 14 2016 00:40:03 GMT-0400 (EDT)] "[36mGET[39m [36m/favicon.ico[39m" "Mozilla/5.0 (iPad; CPU OS 9_3_2 like Mac OS X) AppleWebKit/601.1 (KHTML, like Gecko) CriOS/51.0.2704.64 Mobile/13F69 Safari/601.1.46"
[Tue Jun 14 2016 00:40:03 GMT-0400 (EDT)] "[31mGET[39m [31m/favicon.ico[39m" Error ([31m404[39m): "[31mNot found[39m"
[Tue Jun 14 2016 00:40:18 GMT-0400 (EDT)] "[36mGET[39m [36m/[39m" "Mozilla/5.0 (iPad; CPU OS 9_3_2 like Mac OS X) AppleWebKit/601.1 (KHTML, like Gecko) CriOS/51.0.2704.64 Mobile/13F69 Safari/601.1.46"
[Tue Jun 14 2016 00:40:18 GMT-0400 (EDT)] "[36mGET[39m [36m/css/style.css[39m" "Mozilla/5.0 (iPad; CPU OS 9_3_2 like Mac OS X) AppleWebKit/601.1 (KHTML, like Gecko) CriOS/51.0.2704.64 Mobile/13F69 Safari/601.1.46"
[Tue Jun 14 2016 00:40:18 GMT-0400 (EDT)] "[36mGET[39m [36m/assets//fonts/melbourne.woff[39m" "Mozilla/5.0 (iPad; CPU OS 9_3_2 like Mac OS X) AppleWebKit/601.1 (KHTML, like Gecko) CriOS/51.0.2704.64 Mobile/13F69 Safari/601.1.46"
[Tue Jun 14 2016 00:40:24 GMT-0400 (EDT)] "[36mGET[39m [36m/[39m" "Mozilla/5.0 (iPad; CPU OS 9_3_2 like Mac OS X) AppleWebKit/601.1 (KHTML, like Gecko) CriOS/51.0.2704.64 Mobile/13F69 Safari/601.1.46"
[Tue Jun 14 2016 00:40:24 GMT-0400 (EDT)] "[36mGET[39m [36m/css/style.css[39m" "Mozilla/5.0 (iPad; CPU OS 9_3_2 like Mac OS X) AppleWebKit/601.1 (KHTML, like Gecko) CriOS/51.0.2704.64 Mobile/13F69 Safari/601.1.46"
[Tue Jun 14 2016 00:40:24 GMT-0400 (EDT)] "[36mGET[39m [36m/assets//fonts/melbourne.woff[39m" "Mozilla/5.0 (iPad; CPU OS 9_3_2 like Mac OS X) AppleWebKit/601.1 (KHTML, like Gecko) CriOS/51.0.2704.64 Mobile/13F69 Safari/601.1.46"
[Tue Jun 14 2016 00:40:47 GMT-0400 (EDT)] "[36mGET[39m [36m/[39m" "Mozilla/5.0 (iPad; CPU OS 9_3_2 like Mac OS X) AppleWebKit/601.1 (KHTML, like Gecko) CriOS/51.0.2704.64 Mobile/13F69 Safari/601.1.46"
[Tue Jun 14 2016 00:40:47 GMT-0400 (EDT)] "[36mGET[39m [36m/css/style.css[39m" "Mozilla/5.0 (iPad; CPU OS 9_3_2 like Mac OS X) AppleWebKit/601.1 (KHTML, like Gecko) CriOS/51.0.2704.64 Mobile/13F69 Safari/601.1.46"
[Tue Jun 14 2016 00:40:47 GMT-0400 (EDT)] "[36mGET[39m [36m/assets//fonts/melbourne.woff[39m" "Mozilla/5.0 (iPad; CPU OS 9_3_2 like Mac OS X) AppleWebKit/601.1 (KHTML, like Gecko) CriOS/51.0.2704.64 Mobile/13F69 Safari/601.1.46"
[Tue Jun 14 2016 00:41:11 GMT-0400 (EDT)] "[36mGET[39m [36m/[39m" "Mozilla/5.0 (iPad; CPU OS 9_3_2 like Mac OS X) AppleWebKit/601.1 (KHTML, like Gecko) CriOS/51.0.2704.64 Mobile/13F69 Safari/601.1.46"
[Tue Jun 14 2016 00:41:11 GMT-0400 (EDT)] "[36mGET[39m [36m/css/style.css[39m" "Mozilla/5.0 (iPad; CPU OS 9_3_2 like Mac OS X) AppleWebKit/601.1 (KHTML, like Gecko) CriOS/51.0.2704.64 Mobile/13F69 Safari/601.1.46"
[Tue Jun 14 2016 00:41:11 GMT-0400 (EDT)] "[36mGET[39m [36m/assets//fonts/melbourne.woff[39m" "Mozilla/5.0 (iPad; CPU OS 9_3_2 like Mac OS X) AppleWebKit/601.1 (KHTML, like Gecko) CriOS/51.0.2704.64 Mobile/13F69 Safari/601.1.46"
[Tue Jun 14 2016 00:41:20 GMT-0400 (EDT)] "[36mGET[39m [36m/[39m" "Mozilla/5.0 (iPad; CPU OS 9_3_2 like Mac OS X) AppleWebKit/601.1 (KHTML, like Gecko) CriOS/51.0.2704.64 Mobile/13F69 Safari/601.1.46"
[Tue Jun 14 2016 00:41:20 GMT-0400 (EDT)] "[36mGET[39m [36m/css/style.css[39m" "Mozilla/5.0 (iPad; CPU OS 9_3_2 like Mac OS X) AppleWebKit/601.1 (KHTML, like Gecko) CriOS/51.0.2704.64 Mobile/13F69 Safari/601.1.46"
[Tue Jun 14 2016 00:41:20 GMT-0400 (EDT)] "[36mGET[39m [36m/assets//fonts/melbourne.woff[39m" "Mozilla/5.0 (iPad; CPU OS 9_3_2 like Mac OS X) AppleWebKit/601.1 (KHTML, like Gecko) CriOS/51.0.2704.64 Mobile/13F69 Safari/601.1.46"
[Tue Jun 14 2016 00:41:30 GMT-0400 (EDT)] "[36mGET[39m [36m/css/style.css?livereload=1465879290576[39m" "Mozilla/5.0 (iPad; CPU OS 9_3_2 like Mac OS X) AppleWebKit/601.1 (KHTML, like Gecko) CriOS/51.0.2704.64 Mobile/13F69 Safari/601.1.46"
[Tue Jun 14 2016 00:41:39 GMT-0400 (EDT)] "[36mGET[39m [36m/css/style.css?livereload=1465879299465[39m" "Mozilla/5.0 (iPad; CPU OS 9_3_2 like Mac OS X) AppleWebKit/601.1 (KHTML, like Gecko) CriOS/51.0.2704.64 Mobile/13F69 Safari/601.1.46"
[Tue Jun 14 2016 00:41:44 GMT-0400 (EDT)] "[36mGET[39m [36m/css/style.css?livereload=1465879304980[39m" "Mozilla/5.0 (iPad; CPU OS 9_3_2 like Mac OS X) AppleWebKit/601.1 (KHTML, like Gecko) CriOS/51.0.2704.64 Mobile/13F69 Safari/601.1.46"
[Tue Jun 14 2016 00:42:14 GMT-0400 (EDT)] "[36mGET[39m [36m/css/style.css?livereload=1465879334821[39m" "Mozilla/5.0 (iPad; CPU OS 9_3_2 like Mac OS X) AppleWebKit/601.1 (KHTML, like Gecko) CriOS/51.0.2704.64 Mobile/13F69 Safari/601.1.46"
[Tue Jun 14 2016 00:42:35 GMT-0400 (EDT)] "[36mGET[39m [36m/css/style.css?livereload=1465879355762[39m" "Mozilla/5.0 (iPad; CPU OS 9_3_2 like Mac OS X) AppleWebKit/601.1 (KHTML, like Gecko) CriOS/51.0.2704.64 Mobile/13F69 Safari/601.1.46"
[Tue Jun 14 2016 00:42:50 GMT-0400 (EDT)] "[36mGET[39m [36m/css/style.css?livereload=1465879370481[39m" "Mozilla/5.0 (iPad; CPU OS 9_3_2 like Mac OS X) AppleWebKit/601.1 (KHTML, like Gecko) CriOS/51.0.2704.64 Mobile/13F69 Safari/601.1.46"
[Tue Jun 14 2016 00:42:57 GMT-0400 (EDT)] "[36mGET[39m [36m/css/style.css?livereload=1465879377090[39m" "Mozilla/5.0 (iPad; CPU OS 9_3_2 like Mac OS X) AppleWebKit/601.1 (KHTML, like Gecko) CriOS/51.0.2704.64 Mobile/13F69 Safari/601.1.46"
[Tue Jun 14 2016 00:43:09 GMT-0400 (EDT)] "[36mGET[39m [36m/css/style.css?livereload=1465879389229[39m" "Mozilla/5.0 (iPad; CPU OS 9_3_2 like Mac OS X) AppleWebKit/601.1 (KHTML, like Gecko) CriOS/51.0.2704.64 Mobile/13F69 Safari/601.1.46"
[Tue Jun 14 2016 00:43:14 GMT-0400 (EDT)] "[36mGET[39m [36m/css/style.css?livereload=1465879394826[39m" "Mozilla/5.0 (iPad; CPU OS 9_3_2 like Mac OS X) AppleWebKit/601.1 (KHTML, like Gecko) CriOS/51.0.2704.64 Mobile/13F69 Safari/601.1.46"
[Tue Jun 14 2016 00:43:26 GMT-0400 (EDT)] "[36mGET[39m [36m/css/style.css?livereload=1465879406857[39m" "Mozilla/5.0 (iPad; CPU OS 9_3_2 like Mac OS X) AppleWebKit/601.1 (KHTML, like Gecko) CriOS/51.0.2704.64 Mobile/13F69 Safari/601.1.46"
[Tue Jun 14 2016 00:43:41 GMT-0400 (EDT)] "[36mGET[39m [36m/[39m" "Mozilla/5.0 (iPad; CPU OS 9_3_2 like Mac OS X) AppleWebKit/601.1 (KHTML, like Gecko) CriOS/51.0.2704.64 Mobile/13F69 Safari/601.1.46"
[Tue Jun 14 2016 00:43:41 GMT-0400 (EDT)] "[36mGET[39m [36m/css/style.css[39m" "Mozilla/5.0 (iPad; CPU OS 9_3_2 like Mac OS X) AppleWebKit/601.1 (KHTML, like Gecko) CriOS/51.0.2704.64 Mobile/13F69 Safari/601.1.46"
[Tue Jun 14 2016 00:43:42 GMT-0400 (EDT)] "[36mGET[39m [36m/assets//fonts/melbourne.woff[39m" "Mozilla/5.0 (iPad; CPU OS 9_3_2 like Mac OS X) AppleWebKit/601.1 (KHTML, like Gecko) CriOS/51.0.2704.64 Mobile/13F69 Safari/601.1.46"
[Tue Jun 14 2016 00:44:00 GMT-0400 (EDT)] "[36mGET[39m [36m/[39m" "Mozilla/5.0 (iPad; CPU OS 9_3_2 like Mac OS X) AppleWebKit/601.1 (KHTML, like Gecko) CriOS/51.0.2704.64 Mobile/13F69 Safari/601.1.46"
[Tue Jun 14 2016 00:44:00 GMT-0400 (EDT)] "[36mGET[39m [36m/[39m" "Mozilla/5.0 (iPad; CPU OS 9_3_2 like Mac OS X) AppleWebKit/601.1 (KHTML, like Gecko) CriOS/51.0.2704.64 Mobile/13F69 Safari/601.1.46"
[Tue Jun 14 2016 00:44:00 GMT-0400 (EDT)] "[36mGET[39m [36m/css/style.css[39m" "Mozilla/5.0 (iPad; CPU OS 9_3_2 like Mac OS X) AppleWebKit/601.1 (KHTML, like Gecko) CriOS/51.0.2704.64 Mobile/13F69 Safari/601.1.46"
[Tue Jun 14 2016 00:44:01 GMT-0400 (EDT)] "[36mGET[39m [36m/assets//fonts/melbourne.woff[39m" "Mozilla/5.0 (iPad; CPU OS 9_3_2 like Mac OS X) AppleWebKit/601.1 (KHTML, like Gecko) CriOS/51.0.2704.64 Mobile/13F69 Safari/601.1.46"
